0	1	mikroCARM.exe -MSF -DBG -pSTM32F407ZG -BIN -LHF -DL -SSA -O11111114 -fo168 -N"C:\Users\Asus\Desktop\Semester 8\Tugas Akhir\Mikro\Nyoba lagi21 saigo\Nyoba lagi4\MyProject.mcpar" -SP"C:\Users\Public\Documents\Mikroelektronika\mikroC PRO for ARM\Defs\" -SP"C:\Users\Public\Documents\Mikroelektronika\mikroC PRO for ARM\Uses\ST M4\" -SP"C:\Users\Asus\Desktop\Semester 8\Tugas Akhir\Mikro\Nyoba lagi21 saigo\Nyoba lagi4\" -SP"C:\Users\Public\Documents\Mikroelektronika\mikroC PRO for ARM\Packages\USB UART Click\Uses\" -SP"C:\Users\Public\Documents\Mikroelektronika\mikroC PRO for ARM\Packages\ECG Click\Uses\" -IP"C:\Users\Public\Documents\Mikroelektronika\mikroC PRO for ARM\Uses\ST M4\" -IP"C:\Users\Public\Documents\Mikroelektronika\mikroC PRO for ARM\Packages\USB UART Click\Uses\" -IP"C:\Users\Public\Documents\Mikroelektronika\mikroC PRO for ARM\Packages\ECG Click\Uses\" "MyProject_main.c" "MyProject_events_code.c" "MyProject_driver.c" "MyProject_resources.c" "__Lib_Math.emcl" "__Lib_MathDouble.emcl" "__Lib_Delays.emcl" "__Lib_System_4XX.emcl" "__Lib_GPIO_32F4xx_Defs.emcl" "__Lib_GPIO_32F4xx.emcl" "__Lib_CString.emcl" "__Lib_CMath.emcl" "__Lib_Conversions.emcl" "__Lib_ADC_123_32F20x_24ch.emcl" "__Lib_I2C_123.emcl" "__Lib_UART_123_45_6.emcl" "__Lib_USB_32F4xx.emcl" "__Lib_TFT.emcl" "__Lib_TFT_Defs.emcl" "__Lib_FT5XX6_gesture_decoder.emcl" "__Lib_FT5XX6.emcl" "mikromedia_plus_STM32F4.emcl" "USB_UART_STM32_M4.emcl" "ECG_STM32_M4.emcl" "Click_ECG.pld" "Click_USB_UART.pld"	 
diagnostics: 0	122	Compilation Started	myproject_objects.h
diagnostics: 32	123	Compiled Successfully	MyProject_main.c
diagnostics: 0	122	Compilation Started	myproject_objects.h
hint: 0	1004	interrupt handler (Timer2_interrupt at 0x002C)	MyProject_events_code.c
diagnostics: 252	123	Compiled Successfully	MyProject_events_code.c
hint: 1238	1164	Variable 'ttan2' has been eliminated by optimizer	MyProject_events_code.c
hint: 1243	1164	Variable 'sig' has been eliminated by optimizer	MyProject_events_code.c
hint: 1244	1164	Variable 'ssig' has been eliminated by optimizer	MyProject_events_code.c
diagnostics: 0	122	Compilation Started	myproject_objects.h
diagnostics: 1424	123	Compiled Successfully	MyProject_driver.c
diagnostics: 0	122	Compilation Started	MyProject_resources.c
diagnostics: 2094	123	Compiled Successfully	MyProject_resources.c
diagnostics: 0	127	All files Compiled in 1235 ms	 
hint: 0	1144	Used RX: 16 (100%)   Free RX: 0 (0%)	Used RX: 16 (100%)   Free RX: 0 (0%)
hint: 0	1144	Static RAM (bytes): 81513   Dynamic RAM (bytes): 49553	Static RAM (bytes): 81513   Dynamic RAM (bytes): 49553
hint: 0	1144	Used ROM (bytes): 102502 (10%)  Free ROM (bytes): 946074 (90%)	Used ROM (bytes): 102502 (10%)  Free ROM (bytes): 946074 (90%)
diagnostics: 0	125	Project Linked Successfully	MyProject.mcpar
diagnostics: 0	128	Linked in 1422 ms	 
diagnostics: 0	129	Project 'MyProject.mcpar' completed: 3016 ms	 
diagnostics: 0	103	Finished successfully: 27 Jul 2022, 05:53:15	MyProject.mcpar
